
Showing logs for build [32mcb-kubecd-environment-pr-205-17-np4t6-1[0m stage [32mfrom-build-pack[0m and container [32mstep-credential-initializer-dkngj[0m
{"level":"info","ts":1587206549.385299,"logger":"fallback-logger","caller":"logging/config.go:69","msg":"Fetch GitHub commit ID from kodata failed: open /var/run/ko/refs/heads/0.8.0-ns-support: no such file or directory"}
{"level":"info","ts":1587206549.3867493,"logger":"fallback-logger","caller":"creds-init/main.go:40","msg":"Credentials initialized."}

Showing logs for build [32mcb-kubecd-environment-pr-205-17-np4t6-1[0m stage [32mfrom-build-pack[0m and container [32mstep-working-dir-initializer-h4s48[0m
{"level":"info","ts":1587206550.386628,"logger":"fallback-logger","caller":"logging/config.go:69","msg":"Fetch GitHub commit ID from kodata failed: open /var/run/ko/HEAD: no such file or directory"}
{"level":"info","ts":1587206550.3895357,"logger":"fallback-logger","caller":"bash/main.go:64","msg":"Successfully executed command \"sh -c mkdir -p /workspace/source\"; output "}

Showing logs for build [32mcb-kubecd-environment-pr-205-17-np4t6-1[0m stage [32mfrom-build-pack[0m and container [32mstep-place-tools[0m

Showing logs for build [32mcb-kubecd-environment-pr-205-17-np4t6-1[0m stage [32mfrom-build-pack[0m and container [32mstep-git-source-cb-kubecd-environment-pr-205-17-np4t6-vqcp2[0m
{"level":"info","ts":1587206554.4545646,"logger":"fallback-logger","caller":"logging/config.go:69","msg":"Fetch GitHub commit ID from kodata failed: open /var/run/ko/refs/heads/0.8.0-ns-support: no such file or directory"}
{"level":"info","ts":1587206555.50092,"logger":"fallback-logger","caller":"git/git.go:103","msg":"Successfully cloned https://github.com/cb-kubecd/environment-pr-205-17-boot-gke-production.git @ master in path /workspace/source"}

Showing logs for build [32mcb-kubecd-environment-pr-205-17-np4t6-1[0m stage [32mfrom-build-pack[0m and container [32mstep-git-merge[0m
Using SHAs from PULL_REFS=master:8030ac3d1389fed71dfd94d7d22488eaa3119865,1:0a8abbd078ff549a923b80b19fb675cf8be09014
DEBUG: LC_ALL=C JX_LOG_LEVEL=error git fetch origin --unshallow 0a8abbd078ff549a923b80b19fb675cf8be09014: 8030ac3d1389fed71dfd94d7d22488eaa3119865:
DEBUG: ran git fetch --unshallow origin 0a8abbd078ff549a923b80b19fb675cf8be09014: 8030ac3d1389fed71dfd94d7d22488eaa3119865: in 
DEBUG: LC_ALL=C JX_LOG_LEVEL=error git branch
DEBUG: LC_ALL=C JX_LOG_LEVEL=error git checkout master
DEBUG: ran git checkout master in 
DEBUG: LC_ALL=C JX_LOG_LEVEL=error git reset --hard 8030ac3d1389fed71dfd94d7d22488eaa3119865
DEBUG: ran git reset --hard 8030ac3d1389fed71dfd94d7d22488eaa3119865 in 
DEBUG: LC_ALL=C JX_LOG_LEVEL=error git clean -fd .
DEBUG: ran clean --force -d . in 
DEBUG: JX_LOG_LEVEL=error LC_ALL=C git merge 0a8abbd078ff549a923b80b19fb675cf8be09014
DEBUG: ran git merge 0a8abbd078ff549a923b80b19fb675cf8be09014 in 
DEBUG: LC_ALL=C JX_LOG_LEVEL=error git log --format=%H%x1f%an%x1f%ae%x1f%cn%x1f%ce%x1f%s%n%b%x1e 8030ac3d1389fed71dfd94d7d22488eaa3119865..HEAD
Merged SHA 0a8abbd078ff549a923b80b19fb675cf8be09014 with commit message 'chore: Promote bdd-spring-1587205679 to version 0.0.1' into base branch master

Showing logs for build [32mcb-kubecd-environment-pr-205-17-np4t6-1[0m stage [32mfrom-build-pack[0m and container [32mstep-build-helm-build[0m
WARNING: No $CHART_REPOSITORY defined so using the default value of: http://jenkins-x-chartmuseum:8080
Adding missing Helm repo: storage.googleapis.com https://storage.googleapis.com/chartmuseum.jenkins-x.io
WARNING: No secrets found on "helm/repos" due: reading the secret "helm/repos" from vault: no secret "helm/repos" not found in vault
Read credentials for https://storage.googleapis.com/chartmuseum.jenkins-x.io from vault helm/repos
Successfully added Helm repository storage.googleapis.com.
Adding missing Helm repo: jenkins-x-chartmuseum http://jenkins-x-chartmuseum:8080
WARNING: No secrets found on "helm/repos" due: reading the secret "helm/repos" from vault: no secret "helm/repos" not found in vault
Read credentials for http://jenkins-x-chartmuseum:8080 from vault helm/repos
Successfully added Helm repository jenkins-x-chartmuseum.
WARNING: No $CHART_REPOSITORY defined so using the default value of: http://jenkins-x-chartmuseum:8080
Adding missing Helm repo: chartmuseum.jenkins-x.io http://chartmuseum.jenkins-x.io
WARNING: No secrets found on "helm/repos" due: reading the secret "helm/repos" from vault: no secret "helm/repos" not found in vault
Read credentials for http://chartmuseum.jenkins-x.io from vault helm/repos
Successfully added Helm repository chartmuseum.jenkins-x.io.
